<?xml version="1.0" encoding="UTF-8"?>
<!-- Generated by org.testng.reporters.JUnitXMLReporter -->
<testsuite hostname="MDLT222" ignored="2" name="Test" tests="6" failures="1" timestamp="2020-06-30T13:24:17 IST" time="0.722" errors="0">
  <testcase name="add" time="0.085" classname="scuba.Parameterization">
    <failure type="java.lang.AssertionError" message="expected [158.01] but found [158.00999450683594]">
      <![CDATA[java.lang.AssertionError: expected [158.01] but found [158.00999450683594]
at scuba.Parameterization.add(Parameterization.java:15)
at java.util.concurrent.ThreadPoolExecutor.runWorker(Unknown Source)
at java.util.concurrent.ThreadPoolExecutor$Worker.run(Unknown Source)
at java.lang.Thread.run(Unknown Source)
... Removed 16 stack frames]]>
    </failure>
  </testcase> <!-- add -->
  <testcase name="squareRoot" time="0.246" classname="scuba.TestNGData"/>
  <testcase name="div" time="0.039" classname="scuba.Parameterization"/>
  <testcase name="squareRoot" time="0.063" classname="scuba.TestNGData"/>
  <testcase name="mul" time="0.035" classname="scuba.Parameterization"/>
  <testcase name="sub" time="0.008" classname="scuba.Parameterization"/>
  <testcase name="negate" time="0.0" classname="scuba.Parameterization">
    <ignored/>
  </testcase> <!-- negate -->
  <testcase name="mod" time="0.0" classname="scuba.Parameterization">
    <ignored/>
  </testcase> <!-- mod -->
</testsuite> <!-- Test -->
