<?xml version="1.0" encoding="UTF-8"?>
<!-- Generated by org.testng.reporters.JUnitReportReporter -->
<testsuite skipped="0" hostname="MDLT222" name="scuba.Parameterization" tests="4" failures="1" timestamp="2020-06-30T13:24:18 IST" time="0.167" errors="0">
  <testcase name="div" time="0.039" classname="scuba.Parameterization"/>
  <system-out>
TestNG_ReportsAndLogs -> Division  </system-out>
  <testcase name="add" time="0.085" classname="scuba.Parameterization">
    <failure type="java.lang.AssertionError" message="expected [158.01] but found [158.00999450683594]">
      <![CDATA[java.lang.AssertionError: expected [158.01] but found [158.00999450683594]
at org.testng.Assert.fail(Assert.java:97)
at org.testng.Assert.failNotEquals(Assert.java:969)
at org.testng.Assert.assertEquals(Assert.java:640)
at org.testng.Assert.assertEquals(Assert.java:651)
at scuba.Parameterization.add(Parameterization.java:15)
at sun.reflect.NativeMethodAccessorImpl.invoke0(Native Method)
at sun.reflect.NativeMethodAccessorImpl.invoke(Unknown Source)
at sun.reflect.DelegatingMethodAccessorImpl.invoke(Unknown Source)
at java.lang.reflect.Method.invoke(Unknown Source)
at org.testng.internal.MethodInvocationHelper.invokeMethod(MethodInvocationHelper.java:134)
at org.testng.internal.TestInvoker.invokeMethod(TestInvoker.java:597)
at org.testng.internal.TestInvoker.invokeTestMethod(TestInvoker.java:173)
at org.testng.internal.MethodRunner.runInSequence(MethodRunner.java:46)
at org.testng.internal.TestInvoker$MethodInvocationAgent.invoke(TestInvoker.java:816)
at org.testng.internal.TestInvoker.invokeTestMethods(TestInvoker.java:146)
at org.testng.internal.TestMethodWorker.invokeTestMethods(TestMethodWorker.java:146)
at org.testng.internal.TestMethodWorker.run(TestMethodWorker.java:128)
at java.util.concurrent.ThreadPoolExecutor.runWorker(Unknown Source)
at java.util.concurrent.ThreadPoolExecutor$Worker.run(Unknown Source)
at java.lang.Thread.run(Unknown Source)
]]>
    </failure>
  </testcase> <!-- add -->
  <system-out/>
  <testcase name="mul" time="0.035" classname="scuba.Parameterization"/>
  <system-out>
TestNG_ReportsAndLogs -> Multiplication  </system-out>
  <testcase name="sub" time="0.008" classname="scuba.Parameterization"/>
  <system-out>
TestNG_ReportsAndLogs -> Subtraction  </system-out>
</testsuite> <!-- scuba.Parameterization -->
